2023.08.12 17:36:29 INFO  Started: Metals version 1.0.0+20-46905735-SNAPSHOT in folders '/home/jose/Documents/projects/Personal/rinha-backend-scala' for client Visual Studio Code 1.79.0.[0m
Aug 12, 2023 5:36:29 PM org.flywaydb.core.internal.license.VersionPrinter printVersionOnly
INFO: Flyway Community Edition 9.21.1 by Redgate
Aug 12, 2023 5:36:29 PM org.flywaydb.core.internal.license.VersionPrinter printVersion
INFO: See release notes here: https://rd.gt/416ObMi
Aug 12, 2023 5:36:29 PM org.flywaydb.core.internal.license.VersionPrinter printVersion
INFO: 
Aug 12, 2023 5:36:30 PM org.flywaydb.core.internal.database.base.BaseDatabaseType createDatabase
INFO: Database: jdbc:h2:file:/home/jose/Documents/projects/Personal/rinha-backend-scala/.metals/metals (H2 2.1)
Aug 12, 2023 5:36:30 PM org.flywaydb.core.internal.schemahistory.JdbcTableSchemaHistory allAppliedMigrations
INFO: Schema history table "PUBLIC"."flyway_schema_history" does not exist yet
Aug 12, 2023 5:36:30 PM org.flywaydb.core.internal.command.DbValidate validate
INFO: Successfully validated 4 migrations (execution time 00:00.026s)
Aug 12, 2023 5:36:30 PM org.flywaydb.core.internal.schemahistory.JdbcTableSchemaHistory create
INFO: Creating Schema History table "PUBLIC"."flyway_schema_history" ...
Aug 12, 2023 5:36:30 PM org.flywaydb.core.internal.command.DbMigrate migrateGroup
INFO: Current version of schema "PUBLIC": << Empty Schema >>
Aug 12, 2023 5:36:30 PM org.flywaydb.core.internal.command.DbMigrate doMigrateGroup
INFO: Migrating schema "PUBLIC" to version "1 - Create tables"
Aug 12, 2023 5:36:30 PM org.flywaydb.core.internal.command.DbMigrate doMigrateGroup
INFO: Migrating schema "PUBLIC" to version "2 - Server discovery"
Aug 12, 2023 5:36:30 PM org.flywaydb.core.internal.command.DbMigrate doMigrateGroup
INFO: Migrating schema "PUBLIC" to version "3 - Jar symbols"
Aug 12, 2023 5:36:30 PM org.flywaydb.core.internal.command.DbMigrate doMigrateGroup
INFO: Migrating schema "PUBLIC" to version "4 - Fingerprints"
Aug 12, 2023 5:36:30 PM org.flywaydb.core.internal.command.DbMigrate logSummary
INFO: Successfully applied 4 migrations to schema "PUBLIC", now at version v4 (execution time 00:00.036s)
2023.08.12 17:36:30 INFO  time: initialize in 0.86s[0m
2023.08.12 17:36:34 WARN  Build server is not auto-connectable.[0m
2023.08.12 17:36:34 WARN  no build target for: /home/jose/Documents/projects/Personal/rinha-backend-scala/src/main/scala/com/example/QuickstartApp.scala[0m
2023.08.12 17:36:52 INFO  no build target found for /home/jose/Documents/projects/Personal/rinha-backend-scala/src/main/scala/com/example/QuickstartApp.scala. Using presentation compiler with project's scala-library version: 3.3.0[0m
Aug 12, 2023 5:36:53 PM org.eclipse.lsp4j.jsonrpc.RemoteEndpoint handleCancellation
WARNING: Unmatched cancel notification for request id 3
Aug 12, 2023 5:36:53 PM org.eclipse.lsp4j.jsonrpc.RemoteEndpoint handleCancellation
WARNING: Unmatched cancel notification for request id 2
Aug 12, 2023 5:36:53 PM org.eclipse.lsp4j.jsonrpc.RemoteEndpoint handleCancellation
WARNING: Unmatched cancel notification for request id 1
Aug 12, 2023 5:36:53 PM org.eclipse.lsp4j.jsonrpc.RemoteEndpoint handleCancellation
WARNING: Unmatched cancel notification for request id 6
Aug 12, 2023 5:36:53 PM org.eclipse.lsp4j.jsonrpc.RemoteEndpoint handleCancellation
WARNING: Unmatched cancel notification for request id 8
Aug 12, 2023 5:36:53 PM org.eclipse.lsp4j.jsonrpc.RemoteEndpoint handleCancellation
WARNING: Unmatched cancel notification for request id 15
Aug 12, 2023 5:36:53 PM org.eclipse.lsp4j.jsonrpc.RemoteEndpoint handleCancellation
WARNING: Unmatched cancel notification for request id 7
2023.08.12 17:36:53 WARN  no build target for: /home/jose/Documents/projects/Personal/rinha-backend-scala/src/main/scala/com/example/JsonFormats.scala[0m
2023.08.12 17:36:56 INFO  time: code lens generation in 20s[0m
2023.08.12 17:36:56 INFO  time: code lens generation in 3.08s[0m
2023.08.12 17:36:56 INFO  time: code lens generation in 3.22s[0m
2023.08.12 17:37:05 WARN  no build target for: /home/jose/Documents/projects/Personal/rinha-backend-scala/src/main/scala/com/example/QuickstartApp.scala[0m
2023.08.12 17:39:29 WARN  no build target for: /home/jose/Documents/projects/Personal/rinha-backend-scala/src/main/scala/com/example/QuickstartApp.scala[0m
2023.08.12 17:39:30 WARN  no build target for: /home/jose/Documents/projects/Personal/rinha-backend-scala/src/main/scala/com/example/QuickstartApp.scala[0m
2023.08.12 17:40:08 WARN  no build target for: /home/jose/Documents/projects/Personal/rinha-backend-scala/src/main/scala/com/example/UserRoutes.scala[0m
2023.08.12 17:40:20 WARN  no build target for: /home/jose/Documents/projects/Personal/rinha-backend-scala/src/main/scala/com/example/UserRegistry.scala[0m
2023.08.12 18:40:38 WARN  no build target for: /home/jose/Documents/projects/Personal/rinha-backend-scala/src/main/scala/com/example/JsonFormats.scala[0m
2023.08.12 19:05:15 WARN  no build target for: /home/jose/Documents/projects/Personal/rinha-backend-scala/src/main/scala/com/example/QuickstartApp.scala[0m
Aug 14, 2023 10:18:47 AM org.eclipse.lsp4j.jsonrpc.services.GenericEndpoint notify
INFO: Unsupported notification method: $/setTrace
2023.08.14 10:22:05 INFO  Shutting down server[0m
2023.08.14 10:22:05 INFO  shutting down Metals[0m
2023.08.14 10:22:05 INFO  Exiting server[0m
2023.08.14 16:07:07 INFO  Started: Metals version 1.0.0+20-46905735-SNAPSHOT in folders '/home/jose/Documents/projects/Personal/rinha-backend-scala' for client Visual Studio Code 1.79.0.
Aug 14, 2023 4:07:08 PM org.flywaydb.core.internal.license.VersionPrinter printVersionOnly
INFO: Flyway Community Edition 9.21.1 by Redgate
Aug 14, 2023 4:07:08 PM org.flywaydb.core.internal.license.VersionPrinter printVersion
INFO: See release notes here: https://rd.gt/416ObMi
Aug 14, 2023 4:07:08 PM org.flywaydb.core.internal.license.VersionPrinter printVersion
INFO: 
Aug 14, 2023 4:07:09 PM org.flywaydb.core.internal.database.base.BaseDatabaseType createDatabase
INFO: Database: jdbc:h2:file:/home/jose/Documents/projects/Personal/rinha-backend-scala/.metals/metals (H2 2.1)
Aug 14, 2023 4:07:09 PM org.flywaydb.core.internal.command.DbValidate validate
INFO: Successfully validated 4 migrations (execution time 00:00.101s)
Aug 14, 2023 4:07:09 PM org.flywaydb.core.internal.command.DbMigrate migrateGroup
INFO: Current version of schema "PUBLIC": 4
Aug 14, 2023 4:07:09 PM org.flywaydb.core.internal.command.DbMigrate logSummary
INFO: Schema "PUBLIC" is up to date. No migration necessary.
2023.08.14 16:07:10 INFO  time: initialize in 2.31s
2023.08.14 16:07:17 WARN  Build server is not auto-connectable.
2023.08.14 16:07:17 WARN  no build target for: /home/jose/Documents/projects/Personal/rinha-backend-scala/src/main/scala/com/example/UserRegistry.scala
2023.08.14 16:07:17 WARN  no build target for: /home/jose/Documents/projects/Personal/rinha-backend-scala/src/main/scala/com/example/UserRoutes.scala
2023.08.14 16:07:36 INFO  no build target found for /home/jose/Documents/projects/Personal/rinha-backend-scala/src/main/scala/com/example/UserRoutes.scala. Using presentation compiler with project's scala-library version: 3.3.0
2023.08.14 16:07:42 INFO  time: code lens generation in 5.26s
Aug 14, 2023 4:07:43 PM org.eclipse.lsp4j.jsonrpc.services.GenericEndpoint notify
INFO: Unsupported notification method: $/setTrace
2023.08.14 16:07:43 INFO  time: code lens generation in 6.86s
2023.08.14 16:07:47 INFO  Shutting down server
2023.08.14 16:07:47 INFO  shutting down Metals
2023.08.14 16:07:47 INFO  Exiting server
2023.08.14 16:08:29 INFO  Started: Metals version 1.0.0+59-0074f74d-SNAPSHOT in folders '/home/jose/Documents/projects/Personal/rinha-backend-scala' for client Visual Studio Code 1.79.0.
Aug 14, 2023 4:08:30 PM org.flywaydb.core.internal.license.VersionPrinter printVersionOnly
INFO: Flyway Community Edition 9.21.1 by Redgate
Aug 14, 2023 4:08:30 PM org.flywaydb.core.internal.license.VersionPrinter printVersion
INFO: See release notes here: https://rd.gt/416ObMi
Aug 14, 2023 4:08:30 PM org.flywaydb.core.internal.license.VersionPrinter printVersion
INFO: 
Aug 14, 2023 4:08:30 PM org.flywaydb.core.internal.database.base.BaseDatabaseType createDatabase
INFO: Database: jdbc:h2:file:/home/jose/Documents/projects/Personal/rinha-backend-scala/.metals/metals (H2 2.1)
Aug 14, 2023 4:08:31 PM org.flywaydb.core.internal.command.DbValidate validate
INFO: Successfully validated 4 migrations (execution time 00:00.069s)
Aug 14, 2023 4:08:31 PM org.flywaydb.core.internal.command.DbMigrate migrateGroup
INFO: Current version of schema "PUBLIC": 4
Aug 14, 2023 4:08:31 PM org.flywaydb.core.internal.command.DbMigrate logSummary
INFO: Schema "PUBLIC" is up to date. No migration necessary.
2023.08.14 16:08:31 INFO  time: initialize in 1.45s
2023.08.14 16:08:36 WARN  Build server is not auto-connectable.
2023.08.14 16:08:36 WARN  no build target for: /home/jose/Documents/projects/Personal/rinha-backend-scala/src/main/scala/com/example/UserRegistry.scala
2023.08.14 16:08:36 WARN  no build target for: /home/jose/Documents/projects/Personal/rinha-backend-scala/src/main/scala/com/example/UserRoutes.scala
2023.08.14 16:08:52 INFO  no build target found for /home/jose/Documents/projects/Personal/rinha-backend-scala/src/main/scala/com/example/UserRoutes.scala. Using presentation compiler with project's scala-library version: 3.3.0
2023.08.14 16:08:58 INFO  time: code lens generation in 4.74s
2023.08.14 16:08:59 INFO  time: code lens generation in 6.1s
2023.08.14 16:17:07 INFO  Shutting down server
2023.08.14 16:17:07 INFO  shutting down Metals
2023.08.14 16:17:07 INFO  Exiting server
2023.08.15 10:03:36 INFO  Started: Metals version 1.0.0+59-0074f74d-SNAPSHOT in folders '/home/jose/Documents/projects/Personal/rinha-backend-scala' for client Visual Studio Code 1.79.0.
Aug 15, 2023 10:03:37 AM org.flywaydb.core.internal.license.VersionPrinter printVersionOnly
INFO: Flyway Community Edition 9.21.1 by Redgate
Aug 15, 2023 10:03:37 AM org.flywaydb.core.internal.license.VersionPrinter printVersion
INFO: See release notes here: https://rd.gt/416ObMi
Aug 15, 2023 10:03:37 AM org.flywaydb.core.internal.license.VersionPrinter printVersion
INFO: 
Aug 15, 2023 10:03:39 AM org.flywaydb.core.internal.database.base.BaseDatabaseType createDatabase
INFO: Database: jdbc:h2:file:/home/jose/Documents/projects/Personal/rinha-backend-scala/.metals/metals (H2 2.1)
Aug 15, 2023 10:03:39 AM org.flywaydb.core.internal.command.DbValidate validate
INFO: Successfully validated 4 migrations (execution time 00:00.071s)
Aug 15, 2023 10:03:39 AM org.flywaydb.core.internal.command.DbMigrate migrateGroup
INFO: Current version of schema "PUBLIC": 4
Aug 15, 2023 10:03:39 AM org.flywaydb.core.internal.command.DbMigrate logSummary
INFO: Schema "PUBLIC" is up to date. No migration necessary.
2023.08.15 10:03:39 INFO  time: initialize in 2.93s
2023.08.15 10:03:46 WARN  Build server is not auto-connectable.
2023.08.15 10:03:46 WARN  no build target for: /home/jose/Documents/projects/Personal/rinha-backend-scala/src/main/scala/com/example/UserRoutes.scala
2023.08.15 10:03:46 WARN  no build target for: /home/jose/Documents/projects/Personal/rinha-backend-scala/src/main/scala/com/example/UserRegistry.scala
2023.08.15 10:03:53 INFO  no build target found for /home/jose/Documents/projects/Personal/rinha-backend-scala/src/main/scala/com/example/UserRegistry.scala. Using presentation compiler with project's scala-library version: 3.3.0
2023.08.15 10:03:57 INFO  time: code lens generation in 4.03s
2023.08.15 10:03:57 INFO  time: code lens generation in 4.03s
2023.08.15 10:50:52 INFO  Shutting down server
2023.08.15 10:50:52 INFO  shutting down Metals
2023.08.15 10:50:52 INFO  Exiting server
2023.08.15 11:42:49 INFO  Started: Metals version 1.0.0+59-0074f74d-SNAPSHOT in folders '/home/jose/Documents/projects/Personal/rinha-backend-scala' for client Visual Studio Code 1.79.0.
Aug 15, 2023 11:42:49 AM org.flywaydb.core.internal.license.VersionPrinter printVersionOnly
INFO: Flyway Community Edition 9.21.1 by Redgate
Aug 15, 2023 11:42:49 AM org.flywaydb.core.internal.license.VersionPrinter printVersion
INFO: See release notes here: https://rd.gt/416ObMi
Aug 15, 2023 11:42:49 AM org.flywaydb.core.internal.license.VersionPrinter printVersion
INFO: 
Aug 15, 2023 11:42:50 AM org.flywaydb.core.internal.database.base.BaseDatabaseType createDatabase
INFO: Database: jdbc:h2:file:/home/jose/Documents/projects/Personal/rinha-backend-scala/.metals/metals (H2 2.1)
Aug 15, 2023 11:42:51 AM org.flywaydb.core.internal.command.DbValidate validate
INFO: Successfully validated 4 migrations (execution time 00:00.071s)
Aug 15, 2023 11:42:51 AM org.flywaydb.core.internal.command.DbMigrate migrateGroup
INFO: Current version of schema "PUBLIC": 4
Aug 15, 2023 11:42:51 AM org.flywaydb.core.internal.command.DbMigrate logSummary
INFO: Schema "PUBLIC" is up to date. No migration necessary.
2023.08.15 11:42:51 INFO  time: initialize in 1.54s
2023.08.15 11:42:56 WARN  Build server is not auto-connectable.
2023.08.15 11:42:56 WARN  no build target for: /home/jose/Documents/projects/Personal/rinha-backend-scala/src/main/scala/com/example/UserRegistry.scala
2023.08.15 11:42:56 WARN  no build target for: /home/jose/Documents/projects/Personal/rinha-backend-scala/src/main/scala/com/example/UserRoutes.scala
2023.08.15 11:43:04 INFO  no build target found for /home/jose/Documents/projects/Personal/rinha-backend-scala/src/main/scala/com/example/UserRegistry.scala. Using presentation compiler with project's scala-library version: 3.3.0
2023.08.15 11:43:11 INFO  time: code lens generation in 5.92s
2023.08.15 11:43:11 INFO  time: code lens generation in 5.97s
2023.08.16 12:33:13 INFO  Started: Metals version 1.0.0+59-0074f74d-SNAPSHOT in folders '/home/jose/Documents/projects/Personal/rinha-backend-scala' for client Visual Studio Code 1.79.0.
Aug 16, 2023 12:33:14 PM org.flywaydb.core.internal.license.VersionPrinter printVersionOnly
INFO: Flyway Community Edition 9.21.1 by Redgate
Aug 16, 2023 12:33:14 PM org.flywaydb.core.internal.license.VersionPrinter printVersion
INFO: See release notes here: https://rd.gt/416ObMi
Aug 16, 2023 12:33:14 PM org.flywaydb.core.internal.license.VersionPrinter printVersion
INFO: 
Aug 16, 2023 12:33:14 PM org.flywaydb.core.internal.database.base.BaseDatabaseType createDatabase
INFO: Database: jdbc:h2:file:/home/jose/Documents/projects/Personal/rinha-backend-scala/.metals/metals (H2 2.1)
Aug 16, 2023 12:33:14 PM org.flywaydb.core.internal.command.DbValidate validate
INFO: Successfully validated 4 migrations (execution time 00:00.052s)
Aug 16, 2023 12:33:14 PM org.flywaydb.core.internal.command.DbMigrate migrateGroup
INFO: Current version of schema "PUBLIC": 4
Aug 16, 2023 12:33:14 PM org.flywaydb.core.internal.command.DbMigrate logSummary
INFO: Schema "PUBLIC" is up to date. No migration necessary.
2023.08.16 12:33:14 INFO  time: initialize in 1.2s
2023.08.16 12:33:18 WARN  Build server is not auto-connectable.
2023.08.16 12:33:18 WARN  no build target for: /home/jose/Documents/projects/Personal/rinha-backend-scala/src/main/scala/com/api_rest/QuickstartApp.scala
2023.08.16 12:33:34 INFO  no build target found for /home/jose/Documents/projects/Personal/rinha-backend-scala/src/main/scala/com/api_rest/QuickstartApp.scala. Using presentation compiler with project's scala-library version: 3.3.0
2023.08.16 12:33:35 WARN  no build target for: /home/jose/Documents/projects/Personal/rinha-backend-scala/src/main/scala/com/api_rest/UserRegistry.scala
Aug 16, 2023 12:33:36 PM org.eclipse.lsp4j.jsonrpc.RemoteEndpoint handleCancellation
WARNING: Unmatched cancel notification for request id 4
Aug 16, 2023 12:33:36 PM org.eclipse.lsp4j.jsonrpc.RemoteEndpoint handleCancellation
WARNING: Unmatched cancel notification for request id 10
2023.08.16 12:33:39 INFO  time: code lens generation in 3.36s
2023.08.16 12:33:39 INFO  time: code lens generation in 3.2s
2023.08.16 12:33:39 INFO  time: code lens generation in 3.26s
2023.08.16 12:33:39 INFO  time: code lens generation in 2.9s
2023.08.16 12:34:12 WARN  no build target for: /home/jose/Documents/projects/Personal/rinha-backend-scala/src/main/scala/com/api_rest/UserRegistry.scala
2023.08.16 13:11:04 INFO  Shutting down server
2023.08.16 13:11:04 INFO  shutting down Metals
2023.08.16 13:11:04 INFO  Exiting server
2023.08.16 13:11:04 ERROR Unexpected error initializing server: 
org.eclipse.lsp4j.jsonrpc.ResponseErrorException: Request window/showMessageRequest failed with message: Canceled
	at org.eclipse.lsp4j.jsonrpc.RemoteEndpoint.handleResponse(RemoteEndpoint.java:209)
	at org.eclipse.lsp4j.jsonrpc.RemoteEndpoint.consume(RemoteEndpoint.java:193)
	at org.eclipse.lsp4j.jsonrpc.json.StreamMessageProducer.handleMessage(StreamMessageProducer.java:194)
	at org.eclipse.lsp4j.jsonrpc.json.StreamMessageProducer.listen(StreamMessageProducer.java:94)
	at org.eclipse.lsp4j.jsonrpc.json.ConcurrentMessageProcessor.run(ConcurrentMessageProcessor.java:113)
	at java.util.concurrent.Executors$RunnableAdapter.call(Executors.java:515)
	at java.util.concurrent.FutureTask.run(FutureTask.java:264)
	at java.util.concurrent.ThreadPoolExecutor.runWorker(ThreadPoolExecutor.java:1128)
	at java.util.concurrent.ThreadPoolExecutor$Worker.run(ThreadPoolExecutor.java:628)
	at java.lang.Thread.run(Thread.java:829)

2023.08.17 10:21:45 INFO  Started: Metals version 1.0.0+59-0074f74d-SNAPSHOT in folders '/home/jose/Documents/projects/Personal/rinha-backend-scala' for client Visual Studio Code 1.79.0.
Aug 17, 2023 10:21:46 AM org.flywaydb.core.internal.license.VersionPrinter printVersionOnly
INFO: Flyway Community Edition 9.21.1 by Redgate
Aug 17, 2023 10:21:46 AM org.flywaydb.core.internal.license.VersionPrinter printVersion
INFO: See release notes here: https://rd.gt/416ObMi
Aug 17, 2023 10:21:46 AM org.flywaydb.core.internal.license.VersionPrinter printVersion
INFO: 
Aug 17, 2023 10:21:46 AM org.flywaydb.core.internal.database.base.BaseDatabaseType createDatabase
INFO: Database: jdbc:h2:file:/home/jose/Documents/projects/Personal/rinha-backend-scala/.metals/metals (H2 2.1)
Aug 17, 2023 10:21:46 AM org.flywaydb.core.internal.command.DbValidate validate
INFO: Successfully validated 4 migrations (execution time 00:00.046s)
Aug 17, 2023 10:21:46 AM org.flywaydb.core.internal.command.DbMigrate migrateGroup
INFO: Current version of schema "PUBLIC": 4
Aug 17, 2023 10:21:46 AM org.flywaydb.core.internal.command.DbMigrate logSummary
INFO: Schema "PUBLIC" is up to date. No migration necessary.
2023.08.17 10:21:47 INFO  time: initialize in 1.31s
2023.08.17 10:21:52 WARN  Build server is not auto-connectable.
2023.08.17 10:21:52 WARN  no build target for: /home/jose/Documents/projects/Personal/rinha-backend-scala/src/main/scala/com/api_rest/UserRegistry.scala
2023.08.17 10:21:58 INFO  no build target found for /home/jose/Documents/projects/Personal/rinha-backend-scala/src/main/scala/com/api_rest/UserRegistry.scala. Using presentation compiler with project's scala-library version: 3.3.0
2023.08.17 10:22:03 INFO  time: code lens generation in 4.02s
2023.08.17 10:22:54 INFO  Shutting down server
2023.08.17 10:22:54 INFO  shutting down Metals
2023.08.17 10:22:54 INFO  Exiting server
